<?xml version="1.0" encoding="UTF-8"?>
<testsuites>
  <testsuite name="/root/coding-sdk-php/tests/Acceptance" tests="5" assertions="10" errors="1" warnings="0" failures="0" skipped="0" time="3.234597">
    <testsuite name="Tests\Acceptance\ArtifactTest" file="/root/coding-sdk-php/tests/Acceptance/ArtifactTest.php" tests="1" assertions="4" errors="0" warnings="0" failures="0" skipped="0" time="0.642276">
      <testcase name="testUploadAndDownload" class="Tests\Acceptance\ArtifactTest" classname="Tests.Acceptance.ArtifactTest" file="/root/coding-sdk-php/tests/Acceptance/ArtifactTest.php" line="12" assertions="4" time="0.642276"/>
    </testsuite>
    <testsuite name="Tests\Acceptance\GitBranchTest" file="/root/coding-sdk-php/tests/Acceptance/GitBranchTest.php" tests="1" assertions="1" errors="0" warnings="0" failures="0" skipped="0" time="0.213417">
      <testcase name="testIndex" class="Tests\Acceptance\GitBranchTest" classname="Tests.Acceptance.GitBranchTest" file="/root/coding-sdk-php/tests/Acceptance/GitBranchTest.php" line="12" assertions="1" time="0.213417"/>
    </testsuite>
    <testsuite name="Tests\Acceptance\IssueTest" file="/root/coding-sdk-php/tests/Acceptance/IssueTest.php" tests="1" assertions="0" errors="1" warnings="0" failures="0" skipped="0" time="0.984766">
      <testcase name="testCrud" class="Tests\Acceptance\IssueTest" classname="Tests.Acceptance.IssueTest" file="/root/coding-sdk-php/tests/Acceptance/IssueTest.php" line="13" assertions="0" time="0.984766">
        <error type="GuzzleHttp\Exception\ServerException">Tests\Acceptance\IssueTest::testCrud
GuzzleHttp\Exception\ServerException: Server error: `POST https://e.coding.net/open-api` resulted in a `502 Bad Gateway` response:
&lt;!doctype html&gt;&lt;html lang="zh-cmn-Hans"&gt;&lt;head&gt;&lt;meta charset="utf-8"&gt;&lt;meta http-equiv="X-UA-Compatible" content="IE=edge, (truncated...)


/root/coding-sdk-php/vendor/guzzlehttp/guzzle/src/Exception/RequestException.php:113
/root/coding-sdk-php/vendor/guzzlehttp/guzzle/src/Middleware.php:69
/root/coding-sdk-php/vendor/guzzlehttp/promises/src/Promise.php:204
/root/coding-sdk-php/vendor/guzzlehttp/promises/src/Promise.php:153
/root/coding-sdk-php/vendor/guzzlehttp/promises/src/TaskQueue.php:48
/root/coding-sdk-php/vendor/guzzlehttp/promises/src/Promise.php:248
/root/coding-sdk-php/vendor/guzzlehttp/promises/src/Promise.php:224
/root/coding-sdk-php/vendor/guzzlehttp/promises/src/Promise.php:269
/root/coding-sdk-php/vendor/guzzlehttp/promises/src/Promise.php:226
/root/coding-sdk-php/vendor/guzzlehttp/promises/src/Promise.php:62
/root/coding-sdk-php/vendor/guzzlehttp/guzzle/src/Client.php:187
/root/coding-sdk-php/src/Client.php:55
/root/coding-sdk-php/src/Client.php:70
/root/coding-sdk-php/src/Issue.php:62
/root/coding-sdk-php/tests/Acceptance/IssueTest.php:23
/root/coding-sdk-php/vendor/phpunit/phpunit/phpunit:92</error>
      </testcase>
    </testsuite>
    <testsuite name="Tests\Acceptance\IterationTest" file="/root/coding-sdk-php/tests/Acceptance/IterationTest.php" tests="1" assertions="4" errors="0" warnings="0" failures="0" skipped="0" time="1.209149">
      <testcase name="testCrud" class="Tests\Acceptance\IterationTest" classname="Tests.Acceptance.IterationTest" file="/root/coding-sdk-php/tests/Acceptance/IterationTest.php" line="11" assertions="4" time="1.209149"/>
    </testsuite>
    <testsuite name="Tests\Acceptance\ProjectSettingTest" file="/root/coding-sdk-php/tests/Acceptance/ProjectSettingTest.php" tests="1" assertions="1" errors="0" warnings="0" failures="0" skipped="0" time="0.184989">
      <testcase name="testGetIssueStatuses" class="Tests\Acceptance\ProjectSettingTest" classname="Tests.Acceptance.ProjectSettingTest" file="/root/coding-sdk-php/tests/Acceptance/ProjectSettingTest.php" line="12" assertions="1" time="0.184989"/>
    </testsuite>
  </testsuite>
</testsuites>
